2025-09-10 02:38:50 - binance_bot - INFO - place_market_order:43 - Placing market order: BUY 0.001 BTCUSDT
2025-09-10 02:38:51 - binance_bot - ERROR - place_market_order:62 - Binance API Error: Signature for this request is not valid. (Code: -1022)
2025-09-10 02:40:01 - binance_bot - INFO - create_grid_orders:54 - Creating grid GRID_1757452201: BTCUSDT from 25000.0 to 35000.0 with 10 levels
2025-09-10 02:40:01 - binance_bot - INFO - place_limit_order:52 - Placing limit order: BUY 0.001 BTCUSDT @ 25000.0
2025-09-10 02:40:02 - binance_bot - ERROR - place_limit_order:73 - Binance API Error: Signature for this request is not valid. (Code: -1022)
2025-09-10 02:40:02 - binance_bot - INFO - place_limit_order:52 - Placing limit order: BUY 0.001 BTCUSDT @ 26111.11111111111
2025-09-10 02:40:02 - binance_bot - ERROR - place_limit_order:73 - Binance API Error: Signature for this request is not valid. (Code: -1022)
2025-09-10 02:40:02 - binance_bot - INFO - place_limit_order:52 - Placing limit order: BUY 0.001 BTCUSDT @ 27222.222222222223
2025-09-10 02:40:02 - binance_bot - ERROR - place_limit_order:73 - Binance API Error: Signature for this request is not valid. (Code: -1022)
2025-09-10 02:40:02 - binance_bot - INFO - place_limit_order:52 - Placing limit order: BUY 0.001 BTCUSDT @ 28333.333333333332
2025-09-10 02:40:02 - binance_bot - ERROR - place_limit_order:73 - Binance API Error: Signature for this request is not valid. (Code: -1022)
2025-09-10 02:40:02 - binance_bot - INFO - place_limit_order:52 - Placing limit order: BUY 0.001 BTCUSDT @ 29444.444444444445
2025-09-10 02:40:03 - binance_bot - ERROR - place_limit_order:73 - Binance API Error: Signature for this request is not valid. (Code: -1022)
2025-09-10 02:40:03 - binance_bot - INFO - place_limit_order:52 - Placing limit order: SELL 0.001 BTCUSDT @ 30555.555555555555
2025-09-10 02:40:03 - binance_bot - ERROR - place_limit_order:73 - Binance API Error: Signature for this request is not valid. (Code: -1022)
2025-09-10 02:40:03 - binance_bot - INFO - place_limit_order:52 - Placing limit order: SELL 0.001 BTCUSDT @ 31666.666666666664
2025-09-10 02:40:03 - binance_bot - ERROR - place_limit_order:73 - Binance API Error: Signature for this request is not valid. (Code: -1022)
2025-09-10 02:40:03 - binance_bot - INFO - place_limit_order:52 - Placing limit order: SELL 0.001 BTCUSDT @ 32777.77777777778
2025-09-10 02:40:03 - binance_bot - ERROR - place_limit_order:73 - Binance API Error: Signature for this request is not valid. (Code: -1022)
2025-09-10 02:40:03 - binance_bot - INFO - place_limit_order:52 - Placing limit order: SELL 0.001 BTCUSDT @ 33888.88888888889
2025-09-10 02:40:04 - binance_bot - ERROR - place_limit_order:73 - Binance API Error: Signature for this request is not valid. (Code: -1022)
2025-09-10 02:40:04 - binance_bot - INFO - place_limit_order:52 - Placing limit order: SELL 0.001 BTCUSDT @ 35000.0
2025-09-10 02:40:04 - binance_bot - ERROR - place_limit_order:73 - Binance API Error: Signature for this request is not valid. (Code: -1022)
2025-09-10 02:40:04 - binance_bot - INFO - create_grid_orders:109 - Grid GRID_1757452201 created successfully with 0 buy and 0 sell orders
2025-09-10 02:57:57 - binance_bot - INFO - place_market_order:43 - Placing market order: BUY 0.001 BTCUSDT
2025-09-10 02:57:58 - binance_bot - ERROR - place_market_order:62 - Binance API Error: Signature for this request is not valid. (Code: -1022)
2025-09-10 02:58:27 - binance_bot - INFO - place_market_order:43 - Placing market order: BUY 0.001 BTCUSDT
2025-09-10 02:58:27 - binance_bot - ERROR - place_market_order:62 - Binance API Error: Signature for this request is not valid. (Code: -1022)
2025-09-10 02:58:43 - binance_bot - INFO - place_limit_order:52 - Placing limit order: BUY 0.001 BTCUSDT @ 55000.0
2025-09-10 02:58:43 - binance_bot - ERROR - place_limit_order:73 - Binance API Error: Signature for this request is not valid. (Code: -1022)
2025-09-10 02:59:03 - binance_bot - INFO - place_limit_order:52 - Placing limit order: BUY 0.001 BTCUSDT @ 50000.0
2025-09-10 02:59:04 - binance_bot - ERROR - place_limit_order:73 - Binance API Error: Signature for this request is not valid. (Code: -1022)
2025-09-10 02:59:20 - binance_bot - INFO - place_oco_order:49 - Placing OCO order: BUY 0.001 BTCUSDT TP:70000.0 SL:55000.0
2025-09-10 02:59:21 - binance_bot - ERROR - place_oco_order:90 - Error placing OCO order: APIError(code=-1022): Signature for this request is not valid.
2025-09-10 03:17:49 - binance_bot - INFO - place_market_order:43 - Placing market order: BUY 0.001 BTCUSDT
2025-09-10 03:17:49 - binance_bot - ERROR - place_market_order:62 - Binance API Error: Signature for this request is not valid. (Code: -1022)
2025-09-10 03:30:28 - binance_bot - INFO - create_grid_orders:54 - Creating grid GRID_1757455228: BTCUSDT from 25000.0 to 35000.0 with 10 levels
2025-09-10 03:30:28 - binance_bot - INFO - place_limit_order:52 - Placing limit order: BUY 0.001 BTCUSDT @ 25000.0
2025-09-10 03:30:28 - binance_bot - ERROR - place_limit_order:73 - Binance API Error: Signature for this request is not valid. (Code: -1022)
2025-09-10 03:30:28 - binance_bot - INFO - place_limit_order:52 - Placing limit order: BUY 0.001 BTCUSDT @ 26111.11111111111
2025-09-10 03:30:29 - binance_bot - ERROR - place_limit_order:73 - Binance API Error: Signature for this request is not valid. (Code: -1022)
2025-09-10 03:30:29 - binance_bot - INFO - place_limit_order:52 - Placing limit order: BUY 0.001 BTCUSDT @ 27222.222222222223
2025-09-10 03:30:29 - binance_bot - ERROR - place_limit_order:73 - Binance API Error: Signature for this request is not valid. (Code: -1022)
2025-09-10 03:30:29 - binance_bot - INFO - place_limit_order:52 - Placing limit order: BUY 0.001 BTCUSDT @ 28333.333333333332
2025-09-10 03:30:29 - binance_bot - ERROR - place_limit_order:73 - Binance API Error: Signature for this request is not valid. (Code: -1022)
2025-09-10 03:30:29 - binance_bot - INFO - place_limit_order:52 - Placing limit order: BUY 0.001 BTCUSDT @ 29444.444444444445
2025-09-10 03:30:30 - binance_bot - ERROR - place_limit_order:73 - Binance API Error: Signature for this request is not valid. (Code: -1022)
2025-09-10 03:30:30 - binance_bot - INFO - place_limit_order:52 - Placing limit order: SELL 0.001 BTCUSDT @ 30555.555555555555
2025-09-10 03:30:30 - binance_bot - ERROR - place_limit_order:73 - Binance API Error: Signature for this request is not valid. (Code: -1022)
2025-09-10 03:30:30 - binance_bot - INFO - place_limit_order:52 - Placing limit order: SELL 0.001 BTCUSDT @ 31666.666666666664
2025-09-10 03:30:31 - binance_bot - ERROR - place_limit_order:73 - Binance API Error: Signature for this request is not valid. (Code: -1022)
2025-09-10 03:30:31 - binance_bot - INFO - place_limit_order:52 - Placing limit order: SELL 0.001 BTCUSDT @ 32777.77777777778
2025-09-10 03:30:31 - binance_bot - ERROR - place_limit_order:73 - Binance API Error: Signature for this request is not valid. (Code: -1022)
2025-09-10 03:30:31 - binance_bot - INFO - place_limit_order:52 - Placing limit order: SELL 0.001 BTCUSDT @ 33888.88888888889
2025-09-10 03:30:32 - binance_bot - ERROR - place_limit_order:73 - Binance API Error: Signature for this request is not valid. (Code: -1022)
2025-09-10 03:30:32 - binance_bot - INFO - place_limit_order:52 - Placing limit order: SELL 0.001 BTCUSDT @ 35000.0
2025-09-10 03:30:32 - binance_bot - ERROR - place_limit_order:73 - Binance API Error: Signature for this request is not valid. (Code: -1022)
2025-09-10 03:30:32 - binance_bot - INFO - create_grid_orders:109 - Grid GRID_1757455228 created successfully with 0 buy and 0 sell orders
